# JRE version: OpenJDK Runtime Environment (8.0_152-b01) (build 1.8.0_152-release-1248-b01)
# Java VM: OpenJDK 64-Bit Server VM (25.152-b01 mixed mode windows-amd64 compressed oops)
Heap:
 PSYoungGen      total 456192K, used 296453K [0x00000000e0000000, 0x00000000ffb80000, 0x0000000100000000)
  eden space 437248K, 63% used [0x00000000e0000000,0x00000000f0f18600,0x00000000fab00000)
  from space 18944K, 99% used [0x00000000fab00000,0x00000000fbd68e80,0x00000000fbd80000)
  to   space 40960K, 0% used [0x00000000fd380000,0x00000000fd380000,0x00000000ffb80000)
 ParOldGen       total 176128K, used 77909K [0x00000000a0000000, 0x00000000aac00000, 0x00000000e0000000)
  object space 176128K, 44% used [0x00000000a0000000,0x00000000a4c155d0,0x00000000aac00000)
 Metaspace       used 127783K, capacity 136908K, committed 136984K, reserved 1169408K
  class space    used 16369K, capacity 17881K, committed 17944K, reserved 1048576K
GC Heap History (10 events):
Event: 1211.761 GC heap before
{Heap before GC invocations=37 (full 4):
 PSYoungGen      total 444416K, used 434188K [0x00000000e0000000, 0x00000000fe200000, 0x0000000100000000)
  eden space 402432K, 99% used [0x00000000e0000000,0x00000000f8803ee8,0x00000000f8900000)
  from space 41984K, 78% used [0x00000000fb580000,0x00000000fd57f198,0x00000000fde80000)
  to   space 45568K, 0% used [0x00000000f8900000,0x00000000f8900000,0x00000000fb580000)
 ParOldGen       total 176128K, used 73463K [0x00000000a0000000, 0x00000000aac00000, 0x00000000e0000000)
  object space 176128K, 41% used [0x00000000a0000000,0x00000000a47bdf40,0x00000000aac00000)
 Metaspace       used 120457K, capacity 128228K, committed 128408K, reserved 1161216K
  class space    used 15600K, capacity 16923K, committed 17048K, reserved 1048576K
Event: 1211.775 GC heap after
Heap after GC invocations=37 (full 4):
 PSYoungGen      total 448000K, used 20311K [0x00000000e0000000, 0x00000000fff80000, 0x0000000100000000)
  eden space 402432K, 0% used [0x00000000e0000000,0x00000000e0000000,0x00000000f8900000)
  from space 45568K, 44% used [0x00000000f8900000,0x00000000f9cd5e58,0x00000000fb580000)
  to   space 43520K, 0% used [0x00000000fd500000,0x00000000fd500000,0x00000000fff80000)
 ParOldGen       total 176128K, used 77264K [0x00000000a0000000, 0x00000000aac00000, 0x00000000e0000000)
  object space 176128K, 43% used [0x00000000a0000000,0x00000000a4b740d0,0x00000000aac00000)
 Metaspace       used 120457K, capacity 128228K, committed 128408K, reserved 1161216K
  class space    used 15600K, capacity 16923K, committed 17048K, reserved 1048576K
}
Event: 1211.827 GC heap before
{Heap before GC invocations=38 (full 4):
 PSYoungGen      total 448000K, used 422438K [0x00000000e0000000, 0x00000000fff80000, 0x0000000100000000)
  eden space 402432K, 99% used [0x00000000e0000000,0x00000000f88b3d30,0x00000000f8900000)
  from space 45568K, 44% used [0x00000000f8900000,0x00000000f9cd5e58,0x00000000fb580000)
  to   space 43520K, 0% used [0x00000000fd500000,0x00000000fd500000,0x00000000fff80000)
 ParOldGen       total 176128K, used 77264K [0x00000000a0000000, 0x00000000aac00000, 0x00000000e0000000)
  object space 176128K, 43% used [0x00000000a0000000,0x00000000a4b740d0,0x00000000aac00000)
 Metaspace       used 120472K, capacity 128228K, committed 128408K, reserved 1161216K
  class space    used 15600K, capacity 16923K, committed 17048K, reserved 1048576K
Event: 1211.830 GC heap after
Heap after GC invocations=38 (full 4):
 PSYoungGen      total 477184K, used 4603K [0x00000000e0000000, 0x00000000ffe00000, 0x0000000100000000)
  eden space 435200K, 0% used [0x00000000e0000000,0x00000000e0000000,0x00000000fa900000)
  from space 41984K, 10% used [0x00000000fd500000,0x00000000fd97ef58,0x00000000ffe00000)
  to   space 43520K, 0% used [0x00000000fa900000,0x00000000fa900000,0x00000000fd380000)
 ParOldGen       total 176128K, used 77272K [0x00000000a0000000, 0x00000000aac00000, 0x00000000e0000000)
  object space 176128K, 43% used [0x00000000a0000000,0x00000000a4b760d0,0x00000000aac00000)
 Metaspace       used 120472K, capacity 128228K, committed 128408K, reserved 1161216K
  class space    used 15600K, capacity 16923K, committed 17048K, reserved 1048576K
}
Event: 1249.442 GC heap before
{Heap before GC invocations=39 (full 4):
 PSYoungGen      total 477184K, used 439803K [0x00000000e0000000, 0x00000000ffe00000, 0x0000000100000000)
  eden space 435200K, 100% used [0x00000000e0000000,0x00000000fa900000,0x00000000fa900000)
  from space 41984K, 10% used [0x00000000fd500000,0x00000000fd97ef58,0x00000000ffe00000)
  to   space 43520K, 0% used [0x00000000fa900000,0x00000000fa900000,0x00000000fd380000)
 ParOldGen       total 176128K, used 77280K [0x00000000a0000000, 0x00000000aac00000, 0x00000000e0000000)
  object space 176128K, 43% used [0x00000000a0000000,0x00000000a4b780e0,0x00000000aac00000)
 Metaspace       used 124493K, capacity 132570K, committed 132888K, reserved 1165312K
  class space    used 15944K, capacity 17318K, committed 17432K, reserved 1048576K
Event: 1249.468 GC heap after
Heap after GC invocations=39 (full 4):
 PSYoungGen      total 478720K, used 23613K [0x00000000e0000000, 0x0000000100000000, 0x0000000100000000)
  eden space 435200K, 0% used [0x00000000e0000000,0x00000000e0000000,0x00000000fa900000)
  from space 43520K, 54% used [0x00000000fa900000,0x00000000fc00f4d8,0x00000000fd380000)
  to   space 43008K, 0% used [0x00000000fd600000,0x00000000fd600000,0x0000000100000000)
 ParOldGen       total 176128K, used 77888K [0x00000000a0000000, 0x00000000aac00000, 0x00000000e0000000)
  object space 176128K, 44% used [0x00000000a0000000,0x00000000a4c10140,0x00000000aac00000)
 Metaspace       used 124493K, capacity 132570K, committed 132888K, reserved 1165312K
  class space    used 15944K, capacity 17318K, committed 17432K, reserved 1048576K
}
Event: 1346.045 GC heap before
{Heap before GC invocations=40 (full 4):
 PSYoungGen      total 478720K, used 458813K [0x00000000e0000000, 0x0000000100000000, 0x0000000100000000)
  eden space 435200K, 100% used [0x00000000e0000000,0x00000000fa900000,0x00000000fa900000)
  from space 43520K, 54% used [0x00000000fa900000,0x00000000fc00f4d8,0x00000000fd380000)
  to   space 43008K, 0% used [0x00000000fd600000,0x00000000fd600000,0x0000000100000000)
 ParOldGen       total 176128K, used 77893K [0x00000000a0000000, 0x00000000aac00000, 0x00000000e0000000)
  object space 176128K, 44% used [0x00000000a0000000,0x00000000a4c115d0,0x00000000aac00000)
 Metaspace       used 125671K, capacity 133882K, committed 133912K, reserved 1165312K
  class space    used 16030K, capacity 17426K, committed 17432K, reserved 1048576K
Event: 1346.071 GC heap after
Heap after GC invocations=40 (full 4):
 PSYoungGen      total 480256K, used 26250K [0x00000000e0000000, 0x0000000100000000, 0x0000000100000000)
  eden space 437248K, 0% used [0x00000000e0000000,0x00000000e0000000,0x00000000fab00000)
  from space 43008K, 61% used [0x00000000fd600000,0x00000000fefa2810,0x0000000100000000)
  to   space 43520K, 0% used [0x00000000fab00000,0x00000000fab00000,0x00000000fd580000)
 ParOldGen       total 176128K, used 77901K [0x00000000a0000000, 0x00000000aac00000, 0x00000000e0000000)
  object space 176128K, 44% used [0x00000000a0000000,0x00000000a4c135d0,0x00000000aac00000)
 Metaspace       used 125671K, capacity 133882K, committed 133912K, reserved 1165312K
  class space    used 16030K, capacity 17426K, committed 17432K, reserved 1048576K
}
Event: 1756.374 GC heap before
{Heap before GC invocations=41 (full 4):
 PSYoungGen      total 480256K, used 463498K [0x00000000e0000000, 0x0000000100000000, 0x0000000100000000)
  eden space 437248K, 100% used [0x00000000e0000000,0x00000000fab00000,0x00000000fab00000)
  from space 43008K, 61% used [0x00000000fd600000,0x00000000fefa2810,0x0000000100000000)
  to   space 43520K, 0% used [0x00000000fab00000,0x00000000fab00000,0x00000000fd580000)
 ParOldGen       total 176128K, used 77901K [0x00000000a0000000, 0x00000000aac00000, 0x00000000e0000000)
  object space 176128K, 44% used [0x00000000a0000000,0x00000000a4c135d0,0x00000000aac00000)
 Metaspace       used 127674K, capacity 136828K, committed 136984K, reserved 1169408K
  class space    used 16367K, capacity 17879K, committed 17944K, reserved 1048576K
Event: 1756.389 GC heap after
Heap after GC invocations=41 (full 4):
 PSYoungGen      total 456192K, used 18851K [0x00000000e0000000, 0x00000000ffb80000, 0x0000000100000000)
  eden space 437248K, 0% used [0x00000000e0000000,0x00000000e0000000,0x00000000fab00000)
  from space 18944K, 99% used [0x00000000fab00000,0x00000000fbd68e80,0x00000000fbd80000)
  to   space 40960K, 0% used [0x00000000fd380000,0x00000000fd380000,0x00000000ffb80000)
 ParOldGen       total 176128K, used 77909K [0x00000000a0000000, 0x00000000aac00000, 0x00000000e0000000)
  object space 176128K, 44% used [0x00000000a0000000,0x00000000a4c155d0,0x00000000aac00000)
 Metaspace       used 127674K, capacity 136828K, committed 136984K, reserved 1169408K
  class space    used 16367K, capacity 17879K, committed 17944K, reserved 1048576K
}

